# JRE version: OpenJDK Runtime Environment Temurin-17.0.7+7 (17.0.7+7) (build 17.0.7+7)
# Java VM: OpenJDK 64-Bit Server VM Temurin-17.0.7+7 (17.0.7+7, mixed mode, tiered, compressed oops, compressed class ptrs, parallel gc, windows-amd64)
GC Precious Log:
 CPUs: 4 total, 4 available
 Memory: 4009M
 Large Page Support: Disabled
 NUMA Support: Disabled
 Compressed Oops: Enabled (32-bit)
 Alignments: Space 512K, Generation 512K, Heap 2M
 Heap Min Capacity: 100M
 Heap Initial Capacity: 100M
 Heap Max Capacity: 1G
 Pre-touch: Disabled
 Parallel Workers: 4
Heap:
 PSYoungGen      total 3072K, used 2560K [0x00000000eab00000, 0x00000000eb000000, 0x0000000100000000)
  eden space 2048K, 100% used [0x00000000eab00000,0x00000000ead00000,0x00000000ead00000)
  from space 1024K, 50% used [0x00000000eae00000,0x00000000eae80000,0x00000000eaf00000)
  to   space 1024K, 31% used [0x00000000eaf00000,0x00000000eaf50000,0x00000000eb000000)
 ParOldGen       total 112640K, used 109475K [0x00000000c0000000, 0x00000000c6e00000, 0x00000000eab00000)
  object space 112640K, 97% used [0x00000000c0000000,0x00000000c6ae8f88,0x00000000c6e00000)
 Metaspace       used 70233K, committed 71296K, reserved 1114112K
  class space    used 7357K, committed 7744K, reserved 1048576K
GC Heap History (20 events):
Event: 173.042 GC heap after
{Heap after GC invocations=107 (full 6):
 PSYoungGen      total 4608K, used 560K [0x00000000eab00000, 0x00000000eb200000, 0x0000000100000000)
  eden space 3584K, 0% used [0x00000000eab00000,0x00000000eab00000,0x00000000eae80000)
  from space 1024K, 54% used [0x00000000eb100000,0x00000000eb18c010,0x00000000eb200000)
  to   space 1024K, 0% used [0x00000000eb000000,0x00000000eb000000,0x00000000eb100000)
 ParOldGen       total 112640K, used 97912K [0x00000000c0000000, 0x00000000c6e00000, 0x00000000eab00000)
  object space 112640K, 86% used [0x00000000c0000000,0x00000000c5f9e238,0x00000000c6e00000)
 Metaspace       used 70187K, committed 71232K, reserved 1114112K
  class space    used 7352K, committed 7744K, reserved 1048576K
}
Event: 173.917 GC heap before
{Heap before GC invocations=108 (full 6):
 PSYoungGen      total 4608K, used 4144K [0x00000000eab00000, 0x00000000eb200000, 0x0000000100000000)
  eden space 3584K, 100% used [0x00000000eab00000,0x00000000eae80000,0x00000000eae80000)
  from space 1024K, 54% used [0x00000000eb100000,0x00000000eb18c010,0x00000000eb200000)
  to   space 1024K, 0% used [0x00000000eb000000,0x00000000eb000000,0x00000000eb100000)
 ParOldGen       total 112640K, used 97912K [0x00000000c0000000, 0x00000000c6e00000, 0x00000000eab00000)
  object space 112640K, 86% used [0x00000000c0000000,0x00000000c5f9e238,0x00000000c6e00000)
 Metaspace       used 70203K, committed 71232K, reserved 1114112K
  class space    used 7352K, committed 7744K, reserved 1048576K
}
Event: 173.920 GC heap after
{Heap after GC invocations=108 (full 6):
 PSYoungGen      total 4608K, used 591K [0x00000000eab00000, 0x00000000eb180000, 0x0000000100000000)
  eden space 3584K, 0% used [0x00000000eab00000,0x00000000eab00000,0x00000000eae80000)
  from space 1024K, 57% used [0x00000000eb000000,0x00000000eb093e70,0x00000000eb100000)
  to   space 512K, 0% used [0x00000000eb100000,0x00000000eb100000,0x00000000eb180000)
 ParOldGen       total 112640K, used 98389K [0x00000000c0000000, 0x00000000c6e00000, 0x00000000eab00000)
  object space 112640K, 87% used [0x00000000c0000000,0x00000000c60156d8,0x00000000c6e00000)
 Metaspace       used 70203K, committed 71232K, reserved 1114112K
  class space    used 7352K, committed 7744K, reserved 1048576K
}
Event: 173.937 GC heap before
{Heap before GC invocations=109 (full 6):
 PSYoungGen      total 4608K, used 4175K [0x00000000eab00000, 0x00000000eb180000, 0x0000000100000000)
  eden space 3584K, 100% used [0x00000000eab00000,0x00000000eae80000,0x00000000eae80000)
  from space 1024K, 57% used [0x00000000eb000000,0x00000000eb093e70,0x00000000eb100000)
  to   space 512K, 0% used [0x00000000eb100000,0x00000000eb100000,0x00000000eb180000)
 ParOldGen       total 112640K, used 98389K [0x00000000c0000000, 0x00000000c6e00000, 0x00000000eab00000)
  object space 112640K, 87% used [0x00000000c0000000,0x00000000c60156d8,0x00000000c6e00000)
 Metaspace       used 70203K, committed 71232K, reserved 1114112K
  class space    used 7352K, committed 7744K, reserved 1048576K
}
Event: 173.942 GC heap after
{Heap after GC invocations=109 (full 6):
 PSYoungGen      total 1536K, used 512K [0x00000000eab00000, 0x00000000eb880000, 0x0000000100000000)
  eden space 1024K, 0% used [0x00000000eab00000,0x00000000eab00000,0x00000000eac00000)
  from space 512K, 100% used [0x00000000eb100000,0x00000000eb180000,0x00000000eb180000)
  to   space 5120K, 0% used [0x00000000eac00000,0x00000000eac00000,0x00000000eb100000)
 ParOldGen       total 112640K, used 101925K [0x00000000c0000000, 0x00000000c6e00000, 0x00000000eab00000)
  object space 112640K, 90% used [0x00000000c0000000,0x00000000c6389548,0x00000000c6e00000)
 Metaspace       used 70203K, committed 71232K, reserved 1114112K
  class space    used 7352K, committed 7744K, reserved 1048576K
}
Event: 173.946 GC heap before
{Heap before GC invocations=110 (full 6):
 PSYoungGen      total 1536K, used 1531K [0x00000000eab00000, 0x00000000eb880000, 0x0000000100000000)
  eden space 1024K, 99% used [0x00000000eab00000,0x00000000eabfed10,0x00000000eac00000)
  from space 512K, 100% used [0x00000000eb100000,0x00000000eb180000,0x00000000eb180000)
  to   space 5120K, 0% used [0x00000000eac00000,0x00000000eac00000,0x00000000eb100000)
 ParOldGen       total 112640K, used 101925K [0x00000000c0000000, 0x00000000c6e00000, 0x00000000eab00000)
  object space 112640K, 90% used [0x00000000c0000000,0x00000000c6389548,0x00000000c6e00000)
 Metaspace       used 70203K, committed 71232K, reserved 1114112K
  class space    used 7352K, committed 7744K, reserved 1048576K
}
Event: 173.949 GC heap after
{Heap after GC invocations=110 (full 6):
 PSYoungGen      total 2048K, used 992K [0x00000000eab00000, 0x00000000eb180000, 0x0000000100000000)
  eden space 1024K, 0% used [0x00000000eab00000,0x00000000eab00000,0x00000000eac00000)
  from space 1024K, 96% used [0x00000000eac00000,0x00000000eacf8000,0x00000000ead00000)
  to   space 2560K, 0% used [0x00000000eaf00000,0x00000000eaf00000,0x00000000eb180000)
 ParOldGen       total 112640K, used 102461K [0x00000000c0000000, 0x00000000c6e00000, 0x00000000eab00000)
  object space 112640K, 90% used [0x00000000c0000000,0x00000000c640f548,0x00000000c6e00000)
 Metaspace       used 70203K, committed 71232K, reserved 1114112K
  class space    used 7352K, committed 7744K, reserved 1048576K
}
Event: 173.957 GC heap before
{Heap before GC invocations=111 (full 6):
 PSYoungGen      total 2048K, used 2016K [0x00000000eab00000, 0x00000000eb180000, 0x0000000100000000)
  eden space 1024K, 100% used [0x00000000eab00000,0x00000000eac00000,0x00000000eac00000)
  from space 1024K, 96% used [0x00000000eac00000,0x00000000eacf8000,0x00000000ead00000)
  to   space 2560K, 0% used [0x00000000eaf00000,0x00000000eaf00000,0x00000000eb180000)
 ParOldGen       total 112640K, used 102461K [0x00000000c0000000, 0x00000000c6e00000, 0x00000000eab00000)
  object space 112640K, 90% used [0x00000000c0000000,0x00000000c640f548,0x00000000c6e00000)
 Metaspace       used 70203K, committed 71232K, reserved 1114112K
  class space    used 7352K, committed 7744K, reserved 1048576K
}
Event: 173.960 GC heap after
{Heap after GC invocations=111 (full 6):
 PSYoungGen      total 2560K, used 784K [0x00000000eab00000, 0x00000000eb000000, 0x0000000100000000)
  eden space 1536K, 0% used [0x00000000eab00000,0x00000000eab00000,0x00000000eac80000)
  from space 1024K, 76% used [0x00000000eaf00000,0x00000000eafc4000,0x00000000eb000000)
  to   space 1536K, 0% used [0x00000000ead00000,0x00000000ead00000,0x00000000eae80000)
 ParOldGen       total 112640K, used 103405K [0x00000000c0000000, 0x00000000c6e00000, 0x00000000eab00000)
  object space 112640K, 91% used [0x00000000c0000000,0x00000000c64fb548,0x00000000c6e00000)
 Metaspace       used 70203K, committed 71232K, reserved 1114112K
  class space    used 7352K, committed 7744K, reserved 1048576K
}
Event: 173.991 GC heap before
{Heap before GC invocations=112 (full 6):
 PSYoungGen      total 2560K, used 2320K [0x00000000eab00000, 0x00000000eb000000, 0x0000000100000000)
  eden space 1536K, 100% used [0x00000000eab00000,0x00000000eac80000,0x00000000eac80000)
  from space 1024K, 76% used [0x00000000eaf00000,0x00000000eafc4000,0x00000000eb000000)
  to   space 1536K, 0% used [0x00000000ead00000,0x00000000ead00000,0x00000000eae80000)
 ParOldGen       total 112640K, used 103405K [0x00000000c0000000, 0x00000000c6e00000, 0x00000000eab00000)
  object space 112640K, 91% used [0x00000000c0000000,0x00000000c64fb548,0x00000000c6e00000)
 Metaspace       used 70203K, committed 71232K, reserved 1114112K
  class space    used 7352K, committed 7744K, reserved 1048576K
}
Event: 173.995 GC heap after
{Heap after GC invocations=112 (full 6):
 PSYoungGen      total 3584K, used 1530K [0x00000000eab00000, 0x00000000eb200000, 0x0000000100000000)
  eden space 2048K, 0% used [0x00000000eab00000,0x00000000eab00000,0x00000000ead00000)
  from space 1536K, 99% used [0x00000000ead00000,0x00000000eae7eb20,0x00000000eae80000)
  to   space 2560K, 0% used [0x00000000eaf80000,0x00000000eaf80000,0x00000000eb200000)
 ParOldGen       total 112640K, used 103813K [0x00000000c0000000, 0x00000000c6e00000, 0x00000000eab00000)
  object space 112640K, 92% used [0x00000000c0000000,0x00000000c6561548,0x00000000c6e00000)
 Metaspace       used 70203K, committed 71232K, reserved 1114112K
  class space    used 7352K, committed 7744K, reserved 1048576K
}
Event: 174.000 GC heap before
{Heap before GC invocations=113 (full 6):
 PSYoungGen      total 3584K, used 3578K [0x00000000eab00000, 0x00000000eb200000, 0x0000000100000000)
  eden space 2048K, 100% used [0x00000000eab00000,0x00000000ead00000,0x00000000ead00000)
  from space 1536K, 99% used [0x00000000ead00000,0x00000000eae7eb20,0x00000000eae80000)
  to   space 2560K, 0% used [0x00000000eaf80000,0x00000000eaf80000,0x00000000eb200000)
 ParOldGen       total 112640K, used 103813K [0x00000000c0000000, 0x00000000c6e00000, 0x00000000eab00000)
  object space 112640K, 92% used [0x00000000c0000000,0x00000000c6561548,0x00000000c6e00000)
 Metaspace       used 70203K, committed 71232K, reserved 1114112K
  class space    used 7352K, committed 7744K, reserved 1048576K
}
Event: 174.004 GC heap after
{Heap after GC invocations=113 (full 6):
 PSYoungGen      total 4608K, used 2112K [0x00000000eab00000, 0x00000000eb280000, 0x0000000100000000)
  eden space 2048K, 0% used [0x00000000eab00000,0x00000000eab00000,0x00000000ead00000)
  from space 2560K, 82% used [0x00000000eaf80000,0x00000000eb190000,0x00000000eb200000)
  to   space 2560K, 0% used [0x00000000ead00000,0x00000000ead00000,0x00000000eaf80000)
 ParOldGen       total 112640K, used 105344K [0x00000000c0000000, 0x00000000c6e00000, 0x00000000eab00000)
  object space 112640K, 93% used [0x00000000c0000000,0x00000000c66e0068,0x00000000c6e00000)
 Metaspace       used 70203K, committed 71232K, reserved 1114112K
  class space    used 7352K, committed 7744K, reserved 1048576K
}
Event: 174.061 GC heap before
{Heap before GC invocations=114 (full 6):
 PSYoungGen      total 4608K, used 4159K [0x00000000eab00000, 0x00000000eb280000, 0x0000000100000000)
  eden space 2048K, 99% used [0x00000000eab00000,0x00000000eacffff8,0x00000000ead00000)
  from space 2560K, 82% used [0x00000000eaf80000,0x00000000eb190000,0x00000000eb200000)
  to   space 2560K, 0% used [0x00000000ead00000,0x00000000ead00000,0x00000000eaf80000)
 ParOldGen       total 112640K, used 105344K [0x00000000c0000000, 0x00000000c6e00000, 0x00000000eab00000)
  object space 112640K, 93% used [0x00000000c0000000,0x00000000c66e0068,0x00000000c6e00000)
 Metaspace       used 70204K, committed 71232K, reserved 1114112K
  class space    used 7352K, committed 7744K, reserved 1048576K
}
Event: 174.068 GC heap after
{Heap after GC invocations=114 (full 6):
 PSYoungGen      total 4608K, used 1424K [0x00000000eab00000, 0x00000000eb180000, 0x0000000100000000)
  eden space 2048K, 0% used [0x00000000eab00000,0x00000000eab00000,0x00000000ead00000)
  from space 2560K, 55% used [0x00000000ead00000,0x00000000eae64000,0x00000000eaf80000)
  to   space 2048K, 0% used [0x00000000eaf80000,0x00000000eaf80000,0x00000000eb180000)
 ParOldGen       total 112640K, used 107384K [0x00000000c0000000, 0x00000000c6e00000, 0x00000000eab00000)
  object space 112640K, 95% used [0x00000000c0000000,0x00000000c68de068,0x00000000c6e00000)
 Metaspace       used 70204K, committed 71232K, reserved 1114112K
  class space    used 7352K, committed 7744K, reserved 1048576K
}
Event: 174.607 GC heap before
{Heap before GC invocations=115 (full 6):
 PSYoungGen      total 4608K, used 3471K [0x00000000eab00000, 0x00000000eb180000, 0x0000000100000000)
  eden space 2048K, 99% used [0x00000000eab00000,0x00000000eacffd28,0x00000000ead00000)
  from space 2560K, 55% used [0x00000000ead00000,0x00000000eae64000,0x00000000eaf80000)
  to   space 2048K, 0% used [0x00000000eaf80000,0x00000000eaf80000,0x00000000eb180000)
 ParOldGen       total 112640K, used 107384K [0x00000000c0000000, 0x00000000c6e00000, 0x00000000eab00000)
  object space 112640K, 95% used [0x00000000c0000000,0x00000000c68de068,0x00000000c6e00000)
 Metaspace       used 70207K, committed 71232K, reserved 1114112K
  class space    used 7352K, committed 7744K, reserved 1048576K
}
Event: 174.612 GC heap after
{Heap after GC invocations=115 (full 6):
 PSYoungGen      total 2560K, used 304K [0x00000000eab00000, 0x00000000eb000000, 0x0000000100000000)
  eden space 2048K, 0% used [0x00000000eab00000,0x00000000eab00000,0x00000000ead00000)
  from space 512K, 59% used [0x00000000eaf80000,0x00000000eafcc010,0x00000000eb000000)
  to   space 1024K, 0% used [0x00000000eae00000,0x00000000eae00000,0x00000000eaf00000)
 ParOldGen       total 112640K, used 108744K [0x00000000c0000000, 0x00000000c6e00000, 0x00000000eab00000)
  object space 112640K, 96% used [0x00000000c0000000,0x00000000c6a32088,0x00000000c6e00000)
 Metaspace       used 70207K, committed 71232K, reserved 1114112K
  class space    used 7352K, committed 7744K, reserved 1048576K
}
Event: 175.710 GC heap before
{Heap before GC invocations=116 (full 6):
 PSYoungGen      total 2560K, used 2352K [0x00000000eab00000, 0x00000000eb000000, 0x0000000100000000)
  eden space 2048K, 100% used [0x00000000eab00000,0x00000000ead00000,0x00000000ead00000)
  from space 512K, 59% used [0x00000000eaf80000,0x00000000eafcc010,0x00000000eb000000)
  to   space 1024K, 0% used [0x00000000eae00000,0x00000000eae00000,0x00000000eaf00000)
 ParOldGen       total 112640K, used 108744K [0x00000000c0000000, 0x00000000c6e00000, 0x00000000eab00000)
  object space 112640K, 96% used [0x00000000c0000000,0x00000000c6a32088,0x00000000c6e00000)
 Metaspace       used 70233K, committed 71296K, reserved 1114112K
  class space    used 7357K, committed 7744K, reserved 1048576K
}
Event: 175.712 GC heap after
{Heap after GC invocations=116 (full 6):
 PSYoungGen      total 3072K, used 512K [0x00000000eab00000, 0x00000000eb000000, 0x0000000100000000)
  eden space 2048K, 0% used [0x00000000eab00000,0x00000000eab00000,0x00000000ead00000)
  from space 1024K, 50% used [0x00000000eae00000,0x00000000eae80000,0x00000000eaf00000)
  to   space 1024K, 0% used [0x00000000eaf00000,0x00000000eaf00000,0x00000000eb000000)
 ParOldGen       total 112640K, used 109014K [0x00000000c0000000, 0x00000000c6e00000, 0x00000000eab00000)
  object space 112640K, 96% used [0x00000000c0000000,0x00000000c6a75ae8,0x00000000c6e00000)
 Metaspace       used 70233K, committed 71296K, reserved 1114112K
  class space    used 7357K, committed 7744K, reserved 1048576K
}
Event: 176.110 GC heap before
{Heap before GC invocations=117 (full 6):
 PSYoungGen      total 3072K, used 2560K [0x00000000eab00000, 0x00000000eb000000, 0x0000000100000000)
  eden space 2048K, 100% used [0x00000000eab00000,0x00000000ead00000,0x00000000ead00000)
  from space 1024K, 50% used [0x00000000eae00000,0x00000000eae80000,0x00000000eaf00000)
  to   space 1024K, 0% used [0x00000000eaf00000,0x00000000eaf00000,0x00000000eb000000)
 ParOldGen       total 112640K, used 109014K [0x00000000c0000000, 0x00000000c6e00000, 0x00000000eab00000)
  object space 112640K, 96% used [0x00000000c0000000,0x00000000c6a75ae8,0x00000000c6e00000)
 Metaspace       used 70233K, committed 71296K, reserved 1114112K
  class space    used 7357K, committed 7744K, reserved 1048576K
}

